<?xml version="1.0" encoding="UTF-8"?>
<testsuite name="org.example.MainTest" tests="1" skipped="0" failures="0" errors="0" timestamp="2024-02-09T13:14:43" hostname="Annelis-Air.lan" time="0.012">
  <properties/>
  <testcase name="appHasAGreeting()" classname="org.example.MainTest" time="0.012"/>
  <system-out><![CDATA[]]></system-out>
  <system-err><![CDATA[SLF4J: Class path contains multiple SLF4J bindings.
SLF4J: Found binding in [jar:file:/Users/annelibogren/.gradle/caches/8.4/generated-gradle-jars/gradle-api-8.4.jar!/org/slf4j/impl/StaticLoggerBinder.class]
SLF4J: Found binding in [jar:file:/Users/annelibogren/.gradle/caches/modules-2/files-2.1/org.slf4j/slf4j-simple/1.7.32/321ffafb5123a91a71737dbff38ebe273e771e5b/slf4j-simple-1.7.32.jar!/org/slf4j/impl/StaticLoggerBinder.class]
SLF4J: See http://www.slf4j.org/codes.html#multiple_bindings for an explanation.
SLF4J: Actual binding is of type [org.gradle.internal.logging.slf4j.OutputEventListenerBackedLoggerContext]
]]></system-err>
</testsuite>
